2023-03-20 21:43:04,646 Added key: store_based_barrier_key:1 to store for rank: 0
2023-03-20 21:43:04,661 Added key: store_based_barrier_key:1 to store for rank: 1
2023-03-20 21:43:04,662 Rank 1: Completed store-based barrier for key:store_based_barrier_key:1 with 2 nodes.
2023-03-20 21:43:04,667 Rank 0: Completed store-based barrier for key:store_based_barrier_key:1 with 2 nodes.
2023-03-20 21:43:07,151 Loading pretrained weights from url (https://github.com/rwightman/pytorch-image-models/releases/download/v0.1-effv2-weights/tf_efficientnetv2_s_21ft1k-d7dafa41.pth)
2023-03-20 21:43:07,177 Loading pretrained weights from url (https://github.com/rwightman/pytorch-image-models/releases/download/v0.1-effv2-weights/tf_efficientnetv2_s_21ft1k-d7dafa41.pth)
2023-03-20 21:43:08,027 ==> load train sub set: /home/cyphi02/Marcus/ERNet/data/vcoco/images/train/.
2023-03-20 21:43:08,027 ==> load train sub set: /home/cyphi02/Marcus/ERNet/data/vcoco/images/train/.
2023-03-20 21:43:08,379 ==> load val sub set: /home/cyphi02/Marcus/ERNet/data/vcoco/images/test/.
2023-03-20 21:43:08,384 ==> load val sub set: /home/cyphi02/Marcus/ERNet/data/vcoco/images/test/.
2023-03-20 21:43:08,618 ==> the size of train dataset is 5400
2023-03-20 21:43:08,618 ==> the size of eval dataset is 4946
2023-03-20 21:43:08,639 ==> the size of train dataset is 5400
2023-03-20 21:43:08,639 ==> the size of eval dataset is 4946
2023-03-20 21:43:08,683 max epochs = 100 
2023-03-20 22:24:12,386 save model to output
2023-03-20 22:44:31,164 save model to output
2023-03-20 23:05:11,716 save model to output
2023-03-20 23:26:08,829 save model to output
2023-03-20 23:47:02,403 save model to output
2023-03-21 00:08:05,942 save model to output
2023-03-21 00:29:06,990 save model to output
2023-03-21 00:50:11,669 save model to output
2023-03-21 01:11:11,565 save model to output
2023-03-21 01:32:13,863 save model to output
2023-03-21 01:53:25,430 save model to output
2023-03-21 02:14:31,321 save model to output
2023-03-21 02:35:44,965 save model to output
2023-03-21 02:56:53,101 save model to output
2023-03-21 03:17:58,432 save model to output
2023-03-21 03:39:09,702 save model to output
2023-03-21 04:00:23,449 save model to output
2023-03-21 04:21:31,946 save model to output
2023-03-21 04:42:33,214 save model to output
2023-03-21 05:03:40,159 save model to output
2023-03-21 05:24:46,606 save model to output
2023-03-21 05:45:55,521 save model to output
2023-03-21 06:07:05,418 save model to output
2023-03-21 06:28:10,923 save model to output
2023-03-21 06:49:15,595 save model to output
2023-03-21 07:10:25,155 save model to output
2023-03-21 07:31:39,592 save model to output
2023-03-21 07:52:45,934 save model to output
2023-03-21 08:13:52,970 save model to output
2023-03-21 08:35:02,665 save model to output
2023-03-21 08:56:01,522 save model to output
2023-03-21 09:17:12,410 save model to output
2023-03-21 09:38:10,449 save model to output
2023-03-21 09:59:11,840 save model to output
2023-03-21 10:20:20,407 save model to output
2023-03-21 10:41:27,805 save model to output
2023-03-21 11:02:32,232 save model to output
2023-03-21 11:23:35,335 save model to output
2023-03-21 11:44:20,249 save model to output
2023-03-21 12:04:52,405 save model to output
